<?xml version="1.0" encoding="UTF-8"?>
<!-- Generated by org.testng.reporters.JUnitReportReporter -->
<testsuite skipped="0" hostname="DESKTOP-N6JGPAV" name="runner.RunTest" tests="4" failures="0" timestamp="2021-06-13T20:29:05 IST" time="65.690" errors="0">
  <testcase name="runScenario" time="15.798" classname="runner.RunTest"/>
  <system-out/>
  <testcase name="runScenario" time="14.479" classname="runner.RunTest"/>
  <system-out/>
  <testcase name="runScenario" time="14.389" classname="runner.RunTest"/>
  <system-out/>
  <testcase name="runScenario" time="21.024" classname="runner.RunTest"/>
  <system-out/>
</testsuite> <!-- runner.RunTest -->
