<?xml version="1.0" encoding="UTF-8"?>
<!-- Generated by org.testng.reporters.JUnitReportReporter -->
<testsuite skipped="0" hostname="DESKTOP-N6JGPAV" name="week5.day2.EditLead1" tests="2" failures="0" timestamp="2021-06-09T21:09:17 IST" time="31.821" errors="0">
  <testcase name="runEditLead" time="15.666" classname="week5.day2.EditLead1"/>
  <system-out/>
  <testcase name="runEditLead" time="16.155" classname="week5.day2.EditLead1"/>
  <system-out/>
</testsuite> <!-- week5.day2.EditLead1 -->
