<?xml version="1.0" encoding="UTF-8"?>
<!-- Generated by org.testng.reporters.JUnitReportReporter -->
<testsuite skipped="0" hostname="DESKTOP-N6JGPAV" name="week5.day1.EditLead" tests="1" failures="0" timestamp="2021-06-13T01:37:35 IST" time="22.893" errors="0">
  <testcase name="runEditLead" time="22.893" classname="week5.day1.EditLead"/>
  <system-out/>
</testsuite> <!-- week5.day1.EditLead -->
