<?xml version="1.0" encoding="UTF-8"?>
<!-- Generated by org.testng.reporters.JUnitReportReporter -->
<testsuite skipped="0" hostname="DESKTOP-N6JGPAV" name="week5.day2.CreateLead1" tests="2" failures="0" timestamp="2021-06-09T21:09:17 IST" time="35.256" errors="0">
  <testcase name="runCreateLead" time="17.376" classname="week5.day2.CreateLead1"/>
  <system-out/>
  <testcase name="runCreateLead" time="17.880" classname="week5.day2.CreateLead1"/>
  <system-out/>
</testsuite> <!-- week5.day2.CreateLead1 -->
