<?xml version="1.0" encoding="UTF-8"?>
<!-- Generated by org.testng.reporters.JUnitReportReporter -->
<testsuite skipped="0" hostname="DESKTOP-N6JGPAV" name="week5.day1.CreateLead" tests="1" failures="0" timestamp="2021-06-13T00:47:00 IST" time="20.009" errors="0">
  <testcase name="runCreateLead" time="20.009" classname="week5.day1.CreateLead"/>
  <system-out/>
</testsuite> <!-- week5.day1.CreateLead -->
