<?xml version="1.0" encoding="UTF-8"?>
<!-- Generated by org.testng.reporters.JUnitReportReporter -->
<testsuite skipped="0" hostname="DESKTOP-N6JGPAV" name="testcase.CreateLead" tests="1" failures="0" timestamp="2021-06-05T13:16:32 IST" time="16.882" errors="0">
  <testcase name="runCreateLead" time="16.882" classname="testcase.CreateLead"/>
  <system-out/>
</testsuite> <!-- testcase.CreateLead -->
