<?xml version="1.0" encoding="UTF-8"?>
<!-- Generated by org.testng.reporters.JUnitReportReporter -->
<testsuite skipped="0" hostname="DESKTOP-N6JGPAV" name="testcase.EditLead" tests="1" failures="0" timestamp="2021-06-05T13:16:32 IST" time="17.051" errors="0">
  <testcase name="runEditLead" time="17.051" classname="testcase.EditLead"/>
  <system-out/>
</testsuite> <!-- testcase.EditLead -->
